101 Crawler Path: (0,0),(1,0), Eaten by 202
201 Hopper Path: (1,0),(4,0),(7,0), Eaten by 212
102 Crawler Path: (2,0),(2,1),(2,2),(2,3),(2,4),(2,5),(2,6),(2,7),(2,8),(2,9),(3,9),(4,9),(5,9),(6,9),(7,9), Eaten by 122
202 Hopper Path: (3,0),(1,0),(0,0),(0,2),(0,4),(0,6),(0,8),(0,9),(0,7),(0,5),(0,3),(0,1),(0,0), Eaten by 212
103 Crawler Path: (4,0),(3,0), Eaten by 212
203 Hopper Path: (5,0),(5,2),(5,4),(5,6),(5,8),(5,9),(3,9), Eaten by 122
104 Crawler Path: (6,0),(7,0),(8,0),(9,0), Eaten by 212
204 Hopper Path: (7,0),(3,0), Eaten by 212
105 Crawler Path: (8,0),(8,1),(8,2),(8,3),(8,4),(8,5),(8,6),(8,7),(8,8),(8,9),(9,9),(9,8),(9,7),(9,6),(9,5),(9,4),(9,3),(9,2),(9,1),(9,0),(9,1), Eaten by 212
205 Hopper Path: (9,0),(9,3), Eaten by 218
106 Crawler Path: (0,1),(1,1),(2,1),(3,1),(4,1),(5,1),(6,1),(7,1),(8,1),(9,1),(9,0),(9,1),(9,2),(9,3), Eaten by 225
206 Hopper Path: (1,1),(1,0), Eaten by 202
107 Crawler Path: (2,1),(2,2),(2,3), Eaten by 116
207 Hopper Path: (3,1),(0,1),(0,4),(0,7),(0,9),(3,9),(6,9),(9,9),(9,6),(9,3), Eaten by 225
108 Crawler Path: (4,1),(4,0), Eaten by 201
208 Hopper Path: (5,1),(7,1),(9,1),(9,0), Eaten by 212
109 Crawler Path: (6,1),(6,2),(6,3),(6,4),(6,5),(6,6),(6,7),(6,8),(6,9),(6,8),(6,7),(6,6),(6,5),(6,4),(6,3),(6,2),(6,1),(6,0),(6,1),(6,2),(6,3), Eaten by 212
209 Hopper Path: (7,1),(7,0), Eaten by 104
110 Crawler Path: (8,1),(7,1), Eaten by 208
210 Hopper Path: (9,1),(9,0),(7,0), Eaten by 212
111 Crawler Path: (0,2),(0,1), Eaten by 207
211 Hopper Path: (1,2),(1,5),(1,8),(1,9),(0,9), Eaten by 207
112 Crawler Path: (2,2),(1,2),(0,2),(0,3), Eaten by 219
212 Hopper Path: (3,2),(3,0),(7,0),(9,0),(9,4),(9,8),(9,9),(9,5),(9,1),(9,0),(5,0),(1,0),(0,0),(0,4),(0,8),(0,9),(4,9),(8,9),(9,9),(9,5),(9,1),(4,0),
113 Crawler Path: (4,2),(4,3), Eaten by 219
213 Hopper Path: (5,2),(8,2), Eaten by 120
114 Crawler Path: (6,2),(6,1),(6,0),(7,0),(8,0),(9,0), Eaten by 125
214 Hopper Path: (7,2),(7,4),(7,6),(7,8),(7,9),(9,9),(9,7),(9,5), Eaten by 212
115 Crawler Path: (8,2),(7,2),(6,2),(5,2),(4,2),(3,2),(2,2),(1,2),(0,2),(0,3), Eaten by 219
215 Hopper Path: (9,2),(9,0), Eaten by 210
116 Crawler Path: (0,3),(1,3),(2,3),(3,3),(4,3),(5,3),(6,3),(7,3),(8,3),(9,3), Eaten by 225
216 Hopper Path: (1,3),(0,3),(0,6),(0,9),(3,9),(6,9),(9,9), Eaten by 212
117 Crawler Path: (2,3),(2,4),(2,5),(2,6),(2,7),(2,8),(2,9),(1,9),(0,9),(1,9),(2,9),(3,9),(4,9),(5,9),(6,9),(7,9),(8,9),(9,9), Eaten by 225
217 Hopper Path: (3,3),(3,1),(3,0),(3,2),(3,4),(3,6),(3,8),(3,9),(3,7),(3,5),(3,3),(3,1),(3,0),(1,0), Eaten by 125
118 Crawler Path: (4,3),(4,2),(4,1),(4,0),(3,0), Eaten by 225
218 Hopper Path: (5,3),(9,3),(5,3),(1,3),(0,3),(0,0), Eaten by 225
119 Crawler Path: (6,3),(6,4),(6,5),(6,6),(6,7),(6,8),(6,9), Eaten by 207
219 Hopper Path: (7,3),(4,3),(1,3),(0,3),(0,6),(0,9),(0,6),(0,3),(0,0),(0,3),(0,6),(0,9),(0,6),(0,3),(0,0),(0,3),(0,6),(0,9),(3,9),(6,9),(9,9), Eaten by 212
120 Crawler Path: (8,3),(8,2),(8,1),(8,0),(7,0),(6,0),(5,0),(4,0),(3,0),(2,0),(1,0),(0,0),(0,1),(0,2),(0,3),(0,4),(0,5),(0,6),(0,7),(0,8),(0,9), Eaten by 212
220 Hopper Path: (9,3),(9,1), Eaten by 225
121 Crawler Path: (0,4),(1,4),(2,4), Eaten by 123
221 Hopper Path: (1,4),(1,1), Eaten by 106
122 Crawler Path: (2,4),(2,5),(2,6),(2,7),(2,8),(2,9),(3,9),(4,9),(5,9),(6,9),(7,9),(8,9),(9,9),(8,9),(7,9),(6,9),(5,9),(4,9),(3,9), Eaten by 219
222 Hopper Path: (3,4),(3,6),(3,8),(3,9),(1,9),(0,9), Eaten by 219
123 Crawler Path: (4,4),(3,4),(2,4),(1,4),(0,4), Eaten by 202
223 Hopper Path: (5,4),(8,4),(9,4),(6,4), Eaten by 109
124 Crawler Path: (6,4),(6,3),(6,2), Eaten by 115
224 Hopper Path: (7,4),(3,4), Eaten by 123
125 Crawler Path: (8,4),(9,4),(9,3),(9,2),(9,1),(9,0),(8,0),(7,0),(6,0),(5,0),(4,0),(3,0),(2,0),(1,0),(0,0), Eaten by 219
225 Hopper Path: (9,4),(9,1),(9,0),(6,0),(3,0),(0,0),(3,0),(6,0),(9,0),(9,3),(9,6),(9,9),(9,6),(9,3),(9,0),(9,3),(9,6),(9,9),(9,6),(9,3),(9,0), Eaten by 212
